HCOCH2O2	C2H5O2	HO2	PROPGLY	IPROPOLO2	HOCH2CH2O2	HCHO	HYPROPO2	PROPOLNO3	HO2C4O2	HOCH2CHO	HYETHO2H	MEKCO2	HO3C76O	C2H5CHO	HO13C5O	CH2OOA	HO13C5NO3	IPROPOLO	HO13C5O2	C72OH	HO2CO35C7	CH3O	HYPROPO	CH3OOH	HCOCH2O	HO13CO4C5	HO3C4O	HO13C4O2	HO2C4OH	MEKAOH	HO13C5	HO1CO3C5	HO13C4O	HO14CO3C5	HOC2H4CHO	ACETOL	NC3H7OOH	NC3H7O2	HO134C5	NBUTOLAO2	HO13C3CO3H	C72O2	NC3H7O	NBUTOLBOOH	NBUTOLBO2	HO1C3O2	C2H5O	NBUTOLBO	NBUTOLBNO3	HO1C3O	NBUTOLAOH	MEKCOH	C2H5OH	HO2NO2	NBUTOLANO3	HO13C5OOH	HO1C3OOH	HO2C3CO2H	HYPROPO2H	NBUTOLAO	C72NO3	HOCH2CO3	HO3C4O2	CH3OH	IPROPOLO2H	ETHGLY	HOCH2CO3H	HOC3H6OH	C2H5OOH	CH2OO	HO2C3CO3	HO2CO5C7	HOCH2CO2H	HCOCO3	NPROPOL	HOCH2CH2O	HCOCO3H	NBUTOLAOOH	H2	HO3C3CO3H	HO2C3CO3H	HCOOH	IPROPOLPER	HCOCO2H	HO25C7	H2O2
BUTALO	OH	CO25C73O	IC3H7O2	EGLYOX	HO1CO34C5	HO2C4O	CH3COCH2O2	HOCO3C4OOH	DIEKBOOH	HO14CO2C4	HCOCH2OOH	CO245C7	NC4H9OOH	HO3C4CHO	CO25C74O	HO2C4OOH	HO2C3CHO	CO235C7	MEKAO	CO25C73OOH	IC3H7OOH	C72O	HO1CO3CHO	IC3H7O	HO3C5OOH	HNO3	C74O	HO13C4OOH	NC4H9O	NBUTOL	BUTALO2H	MEKAOOH	C72OOH	CO23C4CHO	CO25C7	HCOCO	CO25C74OOH	MEKCOOH	MGLYOX	HYPERACET	HO1C4OOH	GLYOX	HO3C4OOH
CH3CHOHCHO	C4PAN3	O3	CO	HO3C3PAN	CH3NO3	C5PAN8	NO2	C5PAN16	C2H5NO3	N2O5	C5PAN9	HO3C5O	HO3C3CHO	ETHOHNO3	HO1C3NO3	C3PAN1	PAN	C4PAN2	HO3C4NO3	NO3CH2PAN	PROLNO3	PPN	NC3H7NO3	CO3C75O	HONO	IPROPOLPAN	HO2C4NO3	C3PAN2	CO2C3PAN	C4PAN1	CH3O2NO2	HO3C5NO3	PHAN	PBN
CH3CHO	NO	NO3	HOCO3C54O	HO1CO3C4O	BIACETO	CH3COCH2O	C71O	MEKCO	C73O
HEPTOOH	HEPTO2	HEPTOH	HEPTNO3	HEPT3ONE	HEPTO	NC7H16
MEKANO3	MEKAO2	BUTALO2	CO2C3CHO	BUTALNO3
HO1C4O2	HO1C4NO3	HOC3H6CHO	HO1C4O	HOC4H8OH
CO23C3CHO	BIACETOH	BIACETO2	BIACETOOH
HO3C76NO3	HO3CO6C7	HO3C76O2	HO3C76OOH
ETHENO3O	ETHENO3O2	NO3CH2CHO	ETHO2HNO3
CH3CO3	CH3CO2H	CH3CO3H
HOCO3C54O2	HOCO3C5OOH	DIEKBO
NO3CH2CO3	NO3CH2CO3H	NO3CH2CO2H
C2H5CO3	PROPACID	PERPROACID
CO3C4CO3	CO3C4CO3H	CO3C4CO2H
HO13C3CHO	HO13C4OH	HO13C4NO3
NC4H9O2	C3H7CHO	NC4H9NO3
IC3H7NO3	IPROPOL	CH3COCH3
HOC3H6CO3	HOC3H6CO3H	HOC3H6CO2H
C3H7CO3	BUTACID	PERBUACID
HCOCH2CO3H	HCOCH2CO2H	HCOCH2CO3
HOC2H4CO3H	HOC2H4CO3	HOC2H4CO2H
DIEKBNO3	CO3C4CHO	DIEKBO2
C73O2	C73OOH
CO3C75OOH	CO3C75O2
C74O2	C74OOH
CO25C73O2	CO25C73OH
CO25C74O2	CO25C74OH
CO23C4CO3	CO23C4CO3H
HO3C4CO3	HO3C4CO3H
CO2C3CO3	CO2C3CO3H
C71O2	C71OOH
HO1CO3C4O2
CH3O2
HO3C3CO3
C2H4
CH3CHOHCO3
HO13C3CO3
HO3C5O2
