C2H5O2	HO2	HYPROPO2	HYETHO2H	HYPROPO	CH3OOH	HO13C5	NC3H7OOH	HO134C5	NBUTOLAO2	HO13C3CO3H	NBUTOLBO2	HO1C3O2	C2H5O	NBUTOLBO	NBUTOLAOH	C2H5OH	HO1C3OOH	NBUTOLAO	ETHGLY	HOCH2CO3H	HOC3H6OH	C2H5OOH	HOCH2CO2H	HCOCO3	NPROPOL	HOCH2CH2O	HCOCO3H	NBUTOLAOOH	H2	HO3C3CO3H	IPROPOLPER	HCOCO2H	HO25C7
BUTALO	OH	IC3H7O2	O3	HOCO3C4OOH	HEPTOOH	DIEKBOOH	HCOCH2OOH	NC4H9OOH	HO2C4OOH	CO235C7	CO25C73OOH	IC3H7OOH	NBUTOLBOOH	HO3C5OOH	HNO3	C74O	HO13C4OOH	HYPROPO2H	NBUTOL	BUTALO2H	MEKAOOH	C72OOH	CO23C4CHO	CO25C7	HCOCO	CO25C74OOH	MGLYOX	HYPERACET	HO1C4OOH	GLYOX
CO	NO2	C5PAN16	N2O5	C5PAN9	ETHOHNO3	C3PAN1	PAN	HO2NO2	NO3CH2PAN	PPN	HONO	C3PAN2	CO2C3PAN	C4PAN1	CH3O2NO2	PHAN	PBN
NO	NO3	IPROPOLO	CH3O	HCOCH2O	HO1CO3C4O	HO3C4O	BIACETO	CH3COCH2O	NC3H7O	HO1C3O	MEKCO
MEKANO3	MEKAO2	BUTALO2	CO2C3CHO	BUTALNO3
HO1C4O2	HO1C4NO3	HOC3H6CHO	HO1C4O	HOC4H8OH
HEPTO2	HEPTOH	HEPTNO3	HEPT3ONE	NC7H16
CO23C3CHO	BIACETOH	BIACETO2	BIACETOOH
C72OH	HO2CO35C7	C72O2	C72NO3
ETHENO3O	ETHENO3O2	NO3CH2CHO	ETHO2HNO3
CH3CO3	CH3CO2H	CH3CO3H
HOCO3C54O2	HO14CO3C5	HOCO3C5OOH
HO3C76NO3	HO3C76O2	HO3C76OOH
NO3CH2CO3	NO3CH2CO3H	NO3CH2CO2H
IPROPOLO2	PROLNO3	IPROPOLO2H
C2H5CO3	PROPACID	PERPROACID
CH3NO3	CH3O2	CH3OH
HO2C4O2	HO2C3CHO	HO2C4NO3
CO3C4CO3	CO3C4CO3H	CO3C4CO2H
HO13C5NO3	HO13CO4C5	HO13C5OOH
HO13C3CHO	HO13C4OH	HO13C4NO3
CO245C7	CO25C74O2	CO25C74OH
NC4H9O2	C3H7CHO	NC4H9NO3
IC3H7NO3	IPROPOL	CH3COCH3
HOC3H6CO3	HOC3H6CO3H	HOC3H6CO2H
HO2C4OH	MEKAOH	NBUTOLBNO3
C3H7CO3	BUTACID	PERBUACID
HCOCH2CO3H	HCOCH2CO2H	HCOCH2CO3
HO2C3CO2H	HO2C3CO3	HO2C3CO3H
HOC2H4CO3H	HOC2H4CO3	HOC2H4CO2H
DIEKBNO3	CO3C4CHO	DIEKBO2
CH2OO	HCOOH	H2O2
CH3CHO	C2H5NO3
C73O2	C73OOH
HO3C3PAN	HO3C3CO3
CO3C75OOH	CO3C75O2
PROPOLNO3	ACETOL
HO14CO2C4	HO1CO3CHO
MEKCO2	MEKCOOH
C2H5CHO	NC3H7NO3
C74O2	C74OOH
HO3C4CHO	HO3C5NO3
CO25C73O2	CO25C73OH
CH3CHOHCO3	IPROPOLPAN
CO23C4CO3	CO23C4CO3H
HOC2H4CHO	HO1C3NO3
HO13C3CO3	C4PAN2
HO3C3CHO	HO3C4NO3
HO3C4CO3	HO3C4CO3H
CO2C3CO3	CO2C3CO3H
MEKCOH	NBUTOLANO3
C71O2	C71OOH
HO3C4O2	HO3C4OOH
HCOCH2O2
CO25C73O
CH3CHOHCHO
C4PAN3
PROPGLY
EGLYOX
HO1CO34C5
HOCH2CH2O2
HCHO
HO2C4O
HOCO3C54O
CH3COCH2O2
C5PAN8
HO1CO3C4O2
HOCH2CHO
HO3C76O
HO3CO6C7
HO13C5O
C2H4
CH2OOA
HO13C5O2
CO25C74O
HO13C4O2
HO1CO3C5
HO13C4O
HO3C5O
MEKAO
NC3H7O2
C71O
C72O
IC3H7O
NC4H9O
HOCH2CO3
CO3C75O
C73O
HO2CO5C7
HO3C5O2
DIEKBO
HEPTO
